# JRE version: OpenJDK Runtime Environment (8.0_242-b01) (build 1.8.0_242-release-1644-b01)
# Java VM: OpenJDK 64-Bit Server VM (25.242-b01 mixed mode windows-amd64 compressed oops)
Heap:
 PSYoungGen      total 275968K, used 227508K [0x00000000d5580000, 0x00000000ed580000, 0x0000000100000000)
  eden space 231424K, 79% used [0x00000000d5580000,0x00000000e08330d8,0x00000000e3780000)
  from space 44544K, 99% used [0x00000000e7700000,0x00000000ea27a290,0x00000000ea280000)
  to   space 65024K, 0% used [0x00000000e3780000,0x00000000e3780000,0x00000000e7700000)
 ParOldGen       total 221696K, used 104294K [0x0000000080000000, 0x000000008d880000, 0x00000000d5580000)
  object space 221696K, 47% used [0x0000000080000000,0x00000000865d9900,0x000000008d880000)
 Metaspace       used 87688K, capacity 93632K, committed 93736K, reserved 1130496K
  class space    used 12171K, capacity 13324K, committed 13360K, reserved 1048576K
GC Heap History (10 events):
Event: 23.451 GC heap before
{Heap before GC invocations=15 (full 3):
 PSYoungGen      total 178176K, used 173184K [0x00000000d5580000, 0x00000000e3500000, 0x0000000100000000)
  eden space 158720K, 100% used [0x00000000d5580000,0x00000000df080000,0x00000000df080000)
  from space 19456K, 74% used [0x00000000df080000,0x00000000dfea0380,0x00000000e0380000)
  to   space 19968K, 0% used [0x00000000e2180000,0x00000000e2180000,0x00000000e3500000)
 ParOldGen       total 221696K, used 34101K [0x0000000080000000, 0x000000008d880000, 0x00000000d5580000)
  object space 221696K, 15% used [0x0000000080000000,0x000000008214d740,0x000000008d880000)
 Metaspace       used 68261K, capacity 71668K, committed 71720K, reserved 1112064K
  class space    used 9368K, capacity 10021K, committed 10032K, reserved 1048576K
Event: 23.476 GC heap after
Heap after GC invocations=15 (full 3):
 PSYoungGen      total 205824K, used 19459K [0x00000000d5580000, 0x00000000e3700000, 0x0000000100000000)
  eden space 185856K, 0% used [0x00000000d5580000,0x00000000d5580000,0x00000000e0b00000)
  from space 19968K, 97% used [0x00000000e2180000,0x00000000e3480ea0,0x00000000e3500000)
  to   space 22528K, 0% used [0x00000000e0b00000,0x00000000e0b00000,0x00000000e2100000)
 ParOldGen       total 221696K, used 34109K [0x0000000080000000, 0x000000008d880000, 0x00000000d5580000)
  object space 221696K, 15% used [0x0000000080000000,0x000000008214f740,0x000000008d880000)
 Metaspace       used 68261K, capacity 71668K, committed 71720K, reserved 1112064K
  class space    used 9368K, capacity 10021K, committed 10032K, reserved 1048576K
}
Event: 26.133 GC heap before
{Heap before GC invocations=16 (full 3):
 PSYoungGen      total 205824K, used 205315K [0x00000000d5580000, 0x00000000e3700000, 0x0000000100000000)
  eden space 185856K, 100% used [0x00000000d5580000,0x00000000e0b00000,0x00000000e0b00000)
  from space 19968K, 97% used [0x00000000e2180000,0x00000000e3480ea0,0x00000000e3500000)
  to   space 22528K, 0% used [0x00000000e0b00000,0x00000000e0b00000,0x00000000e2100000)
 ParOldGen       total 221696K, used 34109K [0x0000000080000000, 0x000000008d880000, 0x00000000d5580000)
  object space 221696K, 15% used [0x0000000080000000,0x000000008214f740,0x000000008d880000)
 Metaspace       used 72427K, capacity 75956K, committed 76200K, reserved 1114112K
  class space    used 9928K, capacity 10600K, committed 10672K, reserved 1048576K
Event: 26.161 GC heap after
Heap after GC invocations=16 (full 3):
 PSYoungGen      total 208384K, used 19056K [0x00000000d5580000, 0x00000000e5900000, 0x0000000100000000)
  eden space 185856K, 0% used [0x00000000d5580000,0x00000000d5580000,0x00000000e0b00000)
  from space 22528K, 84% used [0x00000000e0b00000,0x00000000e1d9c140,0x00000000e2100000)
  to   space 24064K, 0% used [0x00000000e4180000,0x00000000e4180000,0x00000000e5900000)
 ParOldGen       total 221696K, used 34117K [0x0000000080000000, 0x000000008d880000, 0x00000000d5580000)
  object space 221696K, 15% used [0x0000000080000000,0x0000000082151740,0x000000008d880000)
 Metaspace       used 72427K, capacity 75956K, committed 76200K, reserved 1114112K
  class space    used 9928K, capacity 10600K, committed 10672K, reserved 1048576K
}
Event: 29.053 GC heap before
{Heap before GC invocations=17 (full 3):
 PSYoungGen      total 208384K, used 204912K [0x00000000d5580000, 0x00000000e5900000, 0x0000000100000000)
  eden space 185856K, 100% used [0x00000000d5580000,0x00000000e0b00000,0x00000000e0b00000)
  from space 22528K, 84% used [0x00000000e0b00000,0x00000000e1d9c140,0x00000000e2100000)
  to   space 24064K, 0% used [0x00000000e4180000,0x00000000e4180000,0x00000000e5900000)
 ParOldGen       total 221696K, used 34117K [0x0000000080000000, 0x000000008d880000, 0x00000000d5580000)
  object space 221696K, 15% used [0x0000000080000000,0x0000000082151740,0x000000008d880000)
 Metaspace       used 78875K, capacity 83188K, committed 83368K, reserved 1120256K
  class space    used 10801K, capacity 11584K, committed 11696K, reserved 1048576K
Event: 29.114 GC heap after
Heap after GC invocations=17 (full 3):
 PSYoungGen      total 232448K, used 24047K [0x00000000d5580000, 0x00000000e7100000, 0x0000000100000000)
  eden space 208384K, 0% used [0x00000000d5580000,0x00000000d5580000,0x00000000e2100000)
  from space 24064K, 99% used [0x00000000e4180000,0x00000000e58fbc78,0x00000000e5900000)
  to   space 33280K, 0% used [0x00000000e2100000,0x00000000e2100000,0x00000000e4180000)
 ParOldGen       total 221696K, used 50680K [0x0000000080000000, 0x000000008d880000, 0x00000000d5580000)
  object space 221696K, 22% used [0x0000000080000000,0x000000008317e028,0x000000008d880000)
 Metaspace       used 78875K, capacity 83188K, committed 83368K, reserved 1120256K
  class space    used 10801K, capacity 11584K, committed 11696K, reserved 1048576K
}
Event: 32.536 GC heap before
{Heap before GC invocations=18 (full 3):
 PSYoungGen      total 232448K, used 232431K [0x00000000d5580000, 0x00000000e7100000, 0x0000000100000000)
  eden space 208384K, 100% used [0x00000000d5580000,0x00000000e2100000,0x00000000e2100000)
  from space 24064K, 99% used [0x00000000e4180000,0x00000000e58fbc78,0x00000000e5900000)
  to   space 33280K, 0% used [0x00000000e2100000,0x00000000e2100000,0x00000000e4180000)
 ParOldGen       total 221696K, used 50680K [0x0000000080000000, 0x000000008d880000, 0x00000000d5580000)
  object space 221696K, 22% used [0x0000000080000000,0x000000008317e028,0x000000008d880000)
 Metaspace       used 86600K, capacity 92344K, committed 92584K, reserved 1128448K
  class space    used 12047K, capacity 13152K, committed 13232K, reserved 1048576K
Event: 32.585 GC heap after
Heap after GC invocations=18 (full 3):
 PSYoungGen      total 241664K, used 33260K [0x00000000d5580000, 0x00000000ea280000, 0x0000000100000000)
  eden space 208384K, 0% used [0x00000000d5580000,0x00000000d5580000,0x00000000e2100000)
  from space 33280K, 99% used [0x00000000e2100000,0x00000000e417b118,0x00000000e4180000)
  to   space 44544K, 0% used [0x00000000e7700000,0x00000000e7700000,0x00000000ea280000)
 ParOldGen       total 221696K, used 68569K [0x0000000080000000, 0x000000008d880000, 0x00000000d5580000)
  object space 221696K, 30% used [0x0000000080000000,0x00000000842f6758,0x000000008d880000)
 Metaspace       used 86600K, capacity 92344K, committed 92584K, reserved 1128448K
  class space    used 12047K, capacity 13152K, committed 13232K, reserved 1048576K
}
Event: 36.144 GC heap before
{Heap before GC invocations=19 (full 3):
 PSYoungGen      total 241664K, used 239408K [0x00000000d5580000, 0x00000000ea280000, 0x0000000100000000)
  eden space 208384K, 98% used [0x00000000d5580000,0x00000000e1ed0f68,0x00000000e2100000)
  from space 33280K, 99% used [0x00000000e2100000,0x00000000e417b118,0x00000000e4180000)
  to   space 44544K, 0% used [0x00000000e7700000,0x00000000e7700000,0x00000000ea280000)
 ParOldGen       total 221696K, used 68569K [0x0000000080000000, 0x000000008d880000, 0x00000000d5580000)
  object space 221696K, 30% used [0x0000000080000000,0x00000000842f6758,0x000000008d880000)
 Metaspace       used 87541K, capacity 93488K, committed 93736K, reserved 1130496K
  class space    used 12169K, capacity 13322K, committed 13360K, reserved 1048576K
Event: 36.277 GC heap after
Heap after GC invocations=19 (full 3):
 PSYoungGen      total 275968K, used 44520K [0x00000000d5580000, 0x00000000ed580000, 0x0000000100000000)
  eden space 231424K, 0% used [0x00000000d5580000,0x00000000d5580000,0x00000000e3780000)
  from space 44544K, 99% used [0x00000000e7700000,0x00000000ea27a290,0x00000000ea280000)
  to   space 65024K, 0% used [0x00000000e3780000,0x00000000e3780000,0x00000000e7700000)
 ParOldGen       total 221696K, used 104294K [0x0000000080000000, 0x000000008d880000, 0x00000000d5580000)
  object space 221696K, 47% used [0x0000000080000000,0x00000000865d9900,0x000000008d880000)
 Metaspace       used 87541K, capacity 93488K, committed 93736K, reserved 1130496K
  class space    used 12169K, capacity 13322K, committed 13360K, reserved 1048576K
}

