# JRE version: OpenJDK Runtime Environment (8.0_242-b01) (build 1.8.0_242-release-1644-b01)
# Java VM: OpenJDK 64-Bit Server VM (25.242-b01 mixed mode windows-amd64 compressed oops)
Heap:
 PSYoungGen      total 227840K, used 139552K [0x00000000d5580000, 0x00000000e7900000, 0x0000000100000000)
  eden space 183808K, 62% used [0x00000000d5580000,0x00000000dc523768,0x00000000e0900000)
  from space 44032K, 57% used [0x00000000e0900000,0x00000000e21a4b88,0x00000000e3400000)
  to   space 44032K, 0% used [0x00000000e4e00000,0x00000000e4e00000,0x00000000e7900000)
 ParOldGen       total 342528K, used 47583K [0x0000000080000000, 0x0000000094e80000, 0x00000000d5580000)
  object space 342528K, 13% used [0x0000000080000000,0x0000000082e77de0,0x0000000094e80000)
 Metaspace       used 97964K, capacity 102020K, committed 103680K, reserved 1138688K
  class space    used 12948K, capacity 13780K, committed 14080K, reserved 1048576K
GC Heap History (10 events):
Event: 8607.410 GC heap before
{Heap before GC invocations=17 (full 3):
 PSYoungGen      total 179200K, used 179188K [0x00000000d5580000, 0x00000000e3b00000, 0x0000000100000000)
  eden space 157696K, 100% used [0x00000000d5580000,0x00000000def80000,0x00000000def80000)
  from space 21504K, 99% used [0x00000000def80000,0x00000000e047d3b8,0x00000000e0480000)
  to   space 27136K, 0% used [0x00000000e2080000,0x00000000e2080000,0x00000000e3b00000)
 ParOldGen       total 242176K, used 44421K [0x0000000080000000, 0x000000008ec80000, 0x00000000d5580000)
  object space 242176K, 18% used [0x0000000080000000,0x0000000082b61420,0x000000008ec80000)
 Metaspace       used 87830K, capacity 92422K, committed 92544K, reserved 1128448K
  class space    used 11728K, capacity 12672K, committed 12672K, reserved 1048576K
Event: 8607.467 GC heap after
Heap after GC invocations=17 (full 3):
 PSYoungGen      total 181760K, used 27121K [0x00000000d5580000, 0x00000000e3b00000, 0x0000000100000000)
  eden space 154624K, 0% used [0x00000000d5580000,0x00000000d5580000,0x00000000dec80000)
  from space 27136K, 99% used [0x00000000e2080000,0x00000000e3afc448,0x00000000e3b00000)
  to   space 32256K, 0% used [0x00000000dfc00000,0x00000000dfc00000,0x00000000e1b80000)
 ParOldGen       total 242176K, used 47903K [0x0000000080000000, 0x000000008ec80000, 0x00000000d5580000)
  object space 242176K, 19% used [0x0000000080000000,0x0000000082ec7cb0,0x000000008ec80000)
 Metaspace       used 87830K, capacity 92422K, committed 92544K, reserved 1128448K
  class space    used 11728K, capacity 12672K, committed 12672K, reserved 1048576K
}
Event: 8610.599 GC heap before
{Heap before GC invocations=18 (full 3):
 PSYoungGen      total 181760K, used 181741K [0x00000000d5580000, 0x00000000e3b00000, 0x0000000100000000)
  eden space 154624K, 99% used [0x00000000d5580000,0x00000000dec7f380,0x00000000dec80000)
  from space 27136K, 99% used [0x00000000e2080000,0x00000000e3afc448,0x00000000e3b00000)
  to   space 32256K, 0% used [0x00000000dfc00000,0x00000000dfc00000,0x00000000e1b80000)
 ParOldGen       total 242176K, used 47903K [0x0000000080000000, 0x000000008ec80000, 0x00000000d5580000)
  object space 242176K, 19% used [0x0000000080000000,0x0000000082ec7cb0,0x000000008ec80000)
 Metaspace       used 91313K, capacity 96054K, committed 96256K, reserved 1132544K
  class space    used 12069K, capacity 13038K, committed 13056K, reserved 1048576K
Event: 8610.680 GC heap after
Heap after GC invocations=18 (full 3):
 PSYoungGen      total 202752K, used 32244K [0x00000000d5580000, 0x00000000e6080000, 0x0000000100000000)
  eden space 170496K, 0% used [0x00000000d5580000,0x00000000d5580000,0x00000000dfc00000)
  from space 32256K, 99% used [0x00000000dfc00000,0x00000000e1b7d2d0,0x00000000e1b80000)
  to   space 45568K, 0% used [0x00000000e3400000,0x00000000e3400000,0x00000000e6080000)
 ParOldGen       total 242176K, used 72015K [0x0000000080000000, 0x000000008ec80000, 0x00000000d5580000)
  object space 242176K, 29% used [0x0000000080000000,0x0000000084653dc8,0x000000008ec80000)
 Metaspace       used 91313K, capacity 96054K, committed 96256K, reserved 1132544K
  class space    used 12069K, capacity 13038K, committed 13056K, reserved 1048576K
}
Event: 8613.334 GC heap before
{Heap before GC invocations=19 (full 3):
 PSYoungGen      total 202752K, used 136102K [0x00000000d5580000, 0x00000000e6080000, 0x0000000100000000)
  eden space 170496K, 60% used [0x00000000d5580000,0x00000000dbaec7b8,0x00000000dfc00000)
  from space 32256K, 99% used [0x00000000dfc00000,0x00000000e1b7d2d0,0x00000000e1b80000)
  to   space 45568K, 0% used [0x00000000e3400000,0x00000000e3400000,0x00000000e6080000)
 ParOldGen       total 242176K, used 72015K [0x0000000080000000, 0x000000008ec80000, 0x00000000d5580000)
  object space 242176K, 29% used [0x0000000080000000,0x0000000084653dc8,0x000000008ec80000)
 Metaspace       used 93617K, capacity 98346K, committed 98496K, reserved 1134592K
  class space    used 12344K, capacity 13328K, committed 13440K, reserved 1048576K
Event: 8613.370 GC heap after
Heap after GC invocations=19 (full 3):
 PSYoungGen      total 229376K, used 21785K [0x00000000d5580000, 0x00000000e7080000, 0x0000000100000000)
  eden space 183808K, 0% used [0x00000000d5580000,0x00000000d5580000,0x00000000e0900000)
  from space 45568K, 47% used [0x00000000e3400000,0x00000000e4946408,0x00000000e6080000)
  to   space 44032K, 0% used [0x00000000e0900000,0x00000000e0900000,0x00000000e3400000)
 ParOldGen       total 242176K, used 85430K [0x0000000080000000, 0x000000008ec80000, 0x00000000d5580000)
  object space 242176K, 35% used [0x0000000080000000,0x000000008536dbe8,0x000000008ec80000)
 Metaspace       used 93617K, capacity 98346K, committed 98496K, reserved 1134592K
  class space    used 12344K, capacity 13328K, committed 13440K, reserved 1048576K
}
Event: 8613.371 GC heap before
{Heap before GC invocations=20 (full 4):
 PSYoungGen      total 229376K, used 21785K [0x00000000d5580000, 0x00000000e7080000, 0x0000000100000000)
  eden space 183808K, 0% used [0x00000000d5580000,0x00000000d5580000,0x00000000e0900000)
  from space 45568K, 47% used [0x00000000e3400000,0x00000000e4946408,0x00000000e6080000)
  to   space 44032K, 0% used [0x00000000e0900000,0x00000000e0900000,0x00000000e3400000)
 ParOldGen       total 242176K, used 85430K [0x0000000080000000, 0x000000008ec80000, 0x00000000d5580000)
  object space 242176K, 35% used [0x0000000080000000,0x000000008536dbe8,0x000000008ec80000)
 Metaspace       used 93617K, capacity 98346K, committed 98496K, reserved 1134592K
  class space    used 12344K, capacity 13328K, committed 13440K, reserved 1048576K
Event: 8613.771 GC heap after
Heap after GC invocations=20 (full 4):
 PSYoungGen      total 229376K, used 0K [0x00000000d5580000, 0x00000000e7080000, 0x0000000100000000)
  eden space 183808K, 0% used [0x00000000d5580000,0x00000000d5580000,0x00000000e0900000)
  from space 45568K, 0% used [0x00000000e3400000,0x00000000e3400000,0x00000000e6080000)
  to   space 44032K, 0% used [0x00000000e0900000,0x00000000e0900000,0x00000000e3400000)
 ParOldGen       total 342528K, used 47575K [0x0000000080000000, 0x0000000094e80000, 0x00000000d5580000)
  object space 342528K, 13% used [0x0000000080000000,0x0000000082e75de0,0x0000000094e80000)
 Metaspace       used 92454K, capacity 95996K, committed 98496K, reserved 1134592K
  class space    used 12090K, capacity 12868K, committed 13440K, reserved 1048576K
}
Event: 8617.043 GC heap before
{Heap before GC invocations=21 (full 4):
 PSYoungGen      total 229376K, used 183180K [0x00000000d5580000, 0x00000000e7080000, 0x0000000100000000)
  eden space 183808K, 99% used [0x00000000d5580000,0x00000000e08633c0,0x00000000e0900000)
  from space 45568K, 0% used [0x00000000e3400000,0x00000000e3400000,0x00000000e6080000)
  to   space 44032K, 0% used [0x00000000e0900000,0x00000000e0900000,0x00000000e3400000)
 ParOldGen       total 342528K, used 47575K [0x0000000080000000, 0x0000000094e80000, 0x00000000d5580000)
  object space 342528K, 13% used [0x0000000080000000,0x0000000082e75de0,0x0000000094e80000)
 Metaspace       used 96190K, capacity 99988K, committed 102144K, reserved 1138688K
  class space    used 12610K, capacity 13406K, committed 13824K, reserved 1048576K
Event: 8617.080 GC heap after
Heap after GC invocations=21 (full 4):
 PSYoungGen      total 227840K, used 25234K [0x00000000d5580000, 0x00000000e7900000, 0x0000000100000000)
  eden space 183808K, 0% used [0x00000000d5580000,0x00000000d5580000,0x00000000e0900000)
  from space 44032K, 57% used [0x00000000e0900000,0x00000000e21a4b88,0x00000000e3400000)
  to   space 44032K, 0% used [0x00000000e4e00000,0x00000000e4e00000,0x00000000e7900000)
 ParOldGen       total 342528K, used 47583K [0x0000000080000000, 0x0000000094e80000, 0x00000000d5580000)
  object space 342528K, 13% used [0x0000000080000000,0x0000000082e77de0,0x0000000094e80000)
 Metaspace       used 96190K, capacity 99988K, committed 102144K, reserved 1138688K
  class space    used 12610K, capacity 13406K, committed 13824K, reserved 1048576K
}

